<?xml version="1.0" encoding="UTF-8"?>
<testng-results skipped="0" failed="0" ignored="0" total="2" passed="2">
  <reporter-output>
  </reporter-output>
  <suite name="Testing Appium Scripts" duration-ms="94243" started-at="2021-02-26T21:22:36 IST" finished-at="2021-02-26T21:24:10 IST">
    <groups>
    </groups>
    <test name="Practice" duration-ms="94243" started-at="2021-02-26T21:22:36 IST" finished-at="2021-02-26T21:24:10 IST">
      <class name="TC1.NewTest">
        <test-method status="PASS" signature="beforeMethod()[pri:0, instance:TC1.NewTest@17776a8]" name="beforeMethod" is-config="true" duration-ms="31004" started-at="2021-02-26T21:22:36 IST" finished-at="2021-02-26T21:23:07 IST">
          <reporter-output>
          </reporter-output>
        </test-method> <!-- beforeMethod -->
        <test-method status="PASS" signature="selectcomputers()[pri:0, instance:TC1.NewTest@17776a8]" name="selectcomputers" duration-ms="9974" started-at="2021-02-26T21:23:07 IST" finished-at="2021-02-26T21:23:17 IST">
          <reporter-output>
          </reporter-output>
        </test-method> <!-- selectcomputers -->
        <test-method status="PASS" signature="afterMethod()[pri:0, instance:TC1.NewTest@17776a8]" name="afterMethod" is-config="true" duration-ms="1" started-at="2021-02-26T21:23:17 IST" finished-at="2021-02-26T21:23:17 IST">
          <reporter-output>
          </reporter-output>
        </test-method> <!-- afterMethod -->
      </class> <!-- TC1.NewTest -->
      <class name="TC1.Testcase2">
        <test-method status="PASS" signature="beforeMethod()[pri:0, instance:TC1.Testcase2@69a10787]" name="beforeMethod" is-config="true" duration-ms="38534" started-at="2021-02-26T21:23:17 IST" finished-at="2021-02-26T21:23:55 IST">
          <reporter-output>
          </reporter-output>
        </test-method> <!-- beforeMethod -->
        <test-method status="PASS" signature="selectcomputers()[pri:0, instance:TC1.Testcase2@69a10787]" name="selectcomputers" duration-ms="14555" started-at="2021-02-26T21:23:55 IST" finished-at="2021-02-26T21:24:10 IST">
          <reporter-output>
          </reporter-output>
        </test-method> <!-- selectcomputers -->
        <test-method status="PASS" signature="afterMethod()[pri:0, instance:TC1.Testcase2@69a10787]" name="afterMethod" is-config="true" duration-ms="1" started-at="2021-02-26T21:24:10 IST" finished-at="2021-02-26T21:24:10 IST">
          <reporter-output>
          </reporter-output>
        </test-method> <!-- afterMethod -->
      </class> <!-- TC1.Testcase2 -->
    </test> <!-- Practice -->
  </suite> <!-- Testing Appium Scripts -->
</testng-results>
